{"/home/koetz/projects/tpk2022-azure-back/app.js": {"path":"/home/koetz/projects/tpk2022-azure-back/app.js","statementMap":{"0":{"start":{"line":1,"column":14},"end":{"line":1,"column":32}},"1":{"start":{"line":2,"column":17},"end":{"line":2,"column":39}},"2":{"start":{"line":4,"column":19},"end":{"line":4,"column":56}},"3":{"start":{"line":7,"column":10},"end":{"line":7,"column":19}},"4":{"start":{"line":9,"column":0},"end":{"line":9,"column":52}},"5":{"start":{"line":10,"column":0},"end":{"line":10,"column":27}},"6":{"start":{"line":13,"column":0},"end":{"line":17,"column":3}},"7":{"start":{"line":14,"column":16},"end":{"line":14,"column":50}},"8":{"start":{"line":15,"column":2},"end":{"line":15,"column":21}},"9":{"start":{"line":16,"column":2},"end":{"line":16,"column":30}},"10":{"start":{"line":20,"column":0},"end":{"line":25,"column":3}},"11":{"start":{"line":21,"column":13},"end":{"line":21,"column":26}},"12":{"start":{"line":22,"column":16},"end":{"line":22,"column":47}},"13":{"start":{"line":23,"column":2},"end":{"line":23,"column":21}},"14":{"start":{"line":24,"column":2},"end":{"line":24,"column":30}},"15":{"start":{"line":28,"column":0},"end":{"line":33,"column":3}},"16":{"start":{"line":29,"column":13},"end":{"line":29,"column":26}},"17":{"start":{"line":30,"column":16},"end":{"line":30,"column":52}},"18":{"start":{"line":31,"column":2},"end":{"line":31,"column":21}},"19":{"start":{"line":32,"column":2},"end":{"line":32,"column":30}},"20":{"start":{"line":36,"column":0},"end":{"line":56,"column":2}},"21":{"start":{"line":37,"column":2},"end":{"line":55,"column":3}},"22":{"start":{"line":38,"column":20},"end":{"line":44,"column":6}},"23":{"start":{"line":46,"column":4},"end":{"line":46,"column":61}},"24":{"start":{"line":47,"column":4},"end":{"line":51,"column":5}},"25":{"start":{"line":48,"column":6},"end":{"line":48,"column":33}},"26":{"start":{"line":50,"column":6},"end":{"line":50,"column":18}},"27":{"start":{"line":53,"column":4},"end":{"line":53,"column":23}},"28":{"start":{"line":54,"column":4},"end":{"line":54,"column":32}},"29":{"start":{"line":59,"column":0},"end":{"line":81,"column":2}},"30":{"start":{"line":60,"column":13},"end":{"line":60,"column":26}},"31":{"start":{"line":62,"column":2},"end":{"line":80,"column":3}},"32":{"start":{"line":63,"column":20},"end":{"line":69,"column":6}},"33":{"start":{"line":71,"column":4},"end":{"line":71,"column":64}},"34":{"start":{"line":72,"column":4},"end":{"line":76,"column":5}},"35":{"start":{"line":73,"column":6},"end":{"line":73,"column":33}},"36":{"start":{"line":75,"column":6},"end":{"line":75,"column":18}},"37":{"start":{"line":78,"column":4},"end":{"line":78,"column":23}},"38":{"start":{"line":79,"column":4},"end":{"line":79,"column":32}},"39":{"start":{"line":83,"column":0},"end":{"line":83,"column":21}}},"fnMap":{"0":{"name":"(anonymous_0)","decl":{"start":{"line":13,"column":21},"end":{"line":13,"column":22}},"loc":{"start":{"line":13,"column":41},"end":{"line":17,"column":1}},"line":13},"1":{"name":"(anonymous_1)","decl":{"start":{"line":20,"column":25},"end":{"line":20,"column":26}},"loc":{"start":{"line":20,"column":45},"end":{"line":25,"column":1}},"line":20},"2":{"name":"(anonymous_2)","decl":{"start":{"line":28,"column":28},"end":{"line":28,"column":29}},"loc":{"start":{"line":28,"column":48},"end":{"line":33,"column":1}},"line":28},"3":{"name":"(anonymous_3)","decl":{"start":{"line":36,"column":22},"end":{"line":36,"column":23}},"loc":{"start":{"line":36,"column":42},"end":{"line":56,"column":1}},"line":36},"4":{"name":"(anonymous_4)","decl":{"start":{"line":59,"column":27},"end":{"line":59,"column":28}},"loc":{"start":{"line":59,"column":47},"end":{"line":81,"column":1}},"line":59}},"branchMap":{"0":{"loc":{"start":{"line":47,"column":4},"end":{"line":51,"column":5}},"type":"if","locations":[{"start":{"line":47,"column":4},"end":{"line":51,"column":5}},{"start":{"line":49,"column":11},"end":{"line":51,"column":5}}],"line":47},"1":{"loc":{"start":{"line":72,"column":4},"end":{"line":76,"column":5}},"type":"if","locations":[{"start":{"line":72,"column":4},"end":{"line":76,"column":5}},{"start":{"line":74,"column":11},"end":{"line":76,"column":5}}],"line":72}},"s":{"0":1,"1":1,"2":1,"3":1,"4":1,"5":1,"6":1,"7":1,"8":1,"9":1,"10":1,"11":1,"12":1,"13":1,"14":1,"15":1,"16":1,"17":1,"18":1,"19":1,"20":1,"21":2,"22":2,"23":2,"24":2,"25":1,"26":1,"27":1,"28":1,"29":1,"30":2,"31":2,"32":2,"33":2,"34":2,"35":1,"36":1,"37":1,"38":1,"39":1},"f":{"0":1,"1":1,"2":1,"3":2,"4":2},"b":{"0":[1,1],"1":[1,1]},"_coverageSchema":"1a1c01bbd47fc00a2c39e90264f33305004495a9","hash":"ac6447342397af2badc8f37b7e82299f8c267c01"}
,"/home/koetz/projects/tpk2022-azure-back/database/dao/produto-dao.js": {"path":"/home/koetz/projects/tpk2022-azure-back/database/dao/produto-dao.js","statementMap":{"0":{"start":{"line":1,"column":17},"end":{"line":1,"column":42}},"1":{"start":{"line":2,"column":16},"end":{"line":2,"column":44}},"2":{"start":{"line":5,"column":4},"end":{"line":5,"column":35}},"3":{"start":{"line":9,"column":4},"end":{"line":9,"column":38}},"4":{"start":{"line":13,"column":4},"end":{"line":15,"column":39}},"5":{"start":{"line":14,"column":8},"end":{"line":14,"column":56}},"6":{"start":{"line":14,"column":29},"end":{"line":14,"column":56}},"7":{"start":{"line":15,"column":22},"end":{"line":15,"column":38}},"8":{"start":{"line":19,"column":4},"end":{"line":31,"column":7}},"9":{"start":{"line":20,"column":28},"end":{"line":26,"column":10}},"10":{"start":{"line":27,"column":8},"end":{"line":27,"column":20}},"11":{"start":{"line":29,"column":8},"end":{"line":29,"column":59}},"12":{"start":{"line":30,"column":8},"end":{"line":30,"column":21}},"13":{"start":{"line":35,"column":4},"end":{"line":47,"column":7}},"14":{"start":{"line":36,"column":33},"end":{"line":42,"column":32}},"15":{"start":{"line":43,"column":8},"end":{"line":43,"column":20}},"16":{"start":{"line":45,"column":8},"end":{"line":45,"column":61}},"17":{"start":{"line":46,"column":8},"end":{"line":46,"column":21}},"18":{"start":{"line":51,"column":2},"end":{"line":51,"column":17}},"19":{"start":{"line":55,"column":2},"end":{"line":55,"column":17}},"20":{"start":{"line":59,"column":2},"end":{"line":59,"column":17}},"21":{"start":{"line":63,"column":2},"end":{"line":63,"column":17}},"22":{"start":{"line":67,"column":2},"end":{"line":67,"column":17}},"23":{"start":{"line":71,"column":2},"end":{"line":71,"column":17}},"24":{"start":{"line":75,"column":2},"end":{"line":75,"column":17}},"25":{"start":{"line":79,"column":2},"end":{"line":79,"column":17}},"26":{"start":{"line":83,"column":2},"end":{"line":83,"column":17}},"27":{"start":{"line":87,"column":2},"end":{"line":87,"column":17}},"28":{"start":{"line":91,"column":2},"end":{"line":91,"column":17}},"29":{"start":{"line":95,"column":2},"end":{"line":95,"column":17}},"30":{"start":{"line":99,"column":2},"end":{"line":99,"column":17}},"31":{"start":{"line":103,"column":2},"end":{"line":103,"column":17}},"32":{"start":{"line":107,"column":2},"end":{"line":107,"column":17}},"33":{"start":{"line":111,"column":2},"end":{"line":111,"column":17}},"34":{"start":{"line":115,"column":2},"end":{"line":115,"column":17}},"35":{"start":{"line":119,"column":2},"end":{"line":119,"column":17}},"36":{"start":{"line":123,"column":2},"end":{"line":123,"column":17}},"37":{"start":{"line":127,"column":2},"end":{"line":127,"column":17}},"38":{"start":{"line":130,"column":0},"end":{"line":130,"column":256}}},"fnMap":{"0":{"name":"buscaTodosDados","decl":{"start":{"line":4,"column":15},"end":{"line":4,"column":30}},"loc":{"start":{"line":4,"column":33},"end":{"line":6,"column":1}},"line":4},"1":{"name":"buscaDados","decl":{"start":{"line":8,"column":15},"end":{"line":8,"column":25}},"loc":{"start":{"line":8,"column":30},"end":{"line":10,"column":1}},"line":8},"2":{"name":"removerRegistro","decl":{"start":{"line":12,"column":15},"end":{"line":12,"column":30}},"loc":{"start":{"line":12,"column":35},"end":{"line":16,"column":1}},"line":12},"3":{"name":"(anonymous_3)","decl":{"start":{"line":13,"column":60},"end":{"line":13,"column":61}},"loc":{"start":{"line":13,"column":76},"end":{"line":15,"column":5}},"line":13},"4":{"name":"(anonymous_4)","decl":{"start":{"line":15,"column":13},"end":{"line":15,"column":14}},"loc":{"start":{"line":15,"column":22},"end":{"line":15,"column":38}},"line":15},"5":{"name":"gravarDados","decl":{"start":{"line":18,"column":15},"end":{"line":18,"column":26}},"loc":{"start":{"line":18,"column":34},"end":{"line":32,"column":1}},"line":18},"6":{"name":"atualizarDados","decl":{"start":{"line":34,"column":15},"end":{"line":34,"column":29}},"loc":{"start":{"line":34,"column":41},"end":{"line":48,"column":1}},"line":34},"7":{"name":"sum","decl":{"start":{"line":50,"column":9},"end":{"line":50,"column":12}},"loc":{"start":{"line":50,"column":20},"end":{"line":52,"column":1}},"line":50},"8":{"name":"minus","decl":{"start":{"line":54,"column":9},"end":{"line":54,"column":14}},"loc":{"start":{"line":54,"column":22},"end":{"line":56,"column":1}},"line":54},"9":{"name":"multiply","decl":{"start":{"line":58,"column":9},"end":{"line":58,"column":17}},"loc":{"start":{"line":58,"column":25},"end":{"line":60,"column":1}},"line":58},"10":{"name":"divide","decl":{"start":{"line":62,"column":9},"end":{"line":62,"column":15}},"loc":{"start":{"line":62,"column":23},"end":{"line":64,"column":1}},"line":62},"11":{"name":"sum2","decl":{"start":{"line":66,"column":9},"end":{"line":66,"column":13}},"loc":{"start":{"line":66,"column":21},"end":{"line":68,"column":1}},"line":66},"12":{"name":"minus2","decl":{"start":{"line":70,"column":9},"end":{"line":70,"column":15}},"loc":{"start":{"line":70,"column":23},"end":{"line":72,"column":1}},"line":70},"13":{"name":"multiply2","decl":{"start":{"line":74,"column":9},"end":{"line":74,"column":18}},"loc":{"start":{"line":74,"column":26},"end":{"line":76,"column":1}},"line":74},"14":{"name":"divide2","decl":{"start":{"line":78,"column":9},"end":{"line":78,"column":16}},"loc":{"start":{"line":78,"column":24},"end":{"line":80,"column":1}},"line":78},"15":{"name":"sum3","decl":{"start":{"line":82,"column":9},"end":{"line":82,"column":13}},"loc":{"start":{"line":82,"column":21},"end":{"line":84,"column":1}},"line":82},"16":{"name":"minus3","decl":{"start":{"line":86,"column":9},"end":{"line":86,"column":15}},"loc":{"start":{"line":86,"column":23},"end":{"line":88,"column":1}},"line":86},"17":{"name":"multiply3","decl":{"start":{"line":90,"column":9},"end":{"line":90,"column":18}},"loc":{"start":{"line":90,"column":26},"end":{"line":92,"column":1}},"line":90},"18":{"name":"divide3","decl":{"start":{"line":94,"column":9},"end":{"line":94,"column":16}},"loc":{"start":{"line":94,"column":24},"end":{"line":96,"column":1}},"line":94},"19":{"name":"sum4","decl":{"start":{"line":98,"column":9},"end":{"line":98,"column":13}},"loc":{"start":{"line":98,"column":21},"end":{"line":100,"column":1}},"line":98},"20":{"name":"minus4","decl":{"start":{"line":102,"column":9},"end":{"line":102,"column":15}},"loc":{"start":{"line":102,"column":23},"end":{"line":104,"column":1}},"line":102},"21":{"name":"multiply4","decl":{"start":{"line":106,"column":9},"end":{"line":106,"column":18}},"loc":{"start":{"line":106,"column":26},"end":{"line":108,"column":1}},"line":106},"22":{"name":"divide4","decl":{"start":{"line":110,"column":9},"end":{"line":110,"column":16}},"loc":{"start":{"line":110,"column":24},"end":{"line":112,"column":1}},"line":110},"23":{"name":"sum5","decl":{"start":{"line":114,"column":9},"end":{"line":114,"column":13}},"loc":{"start":{"line":114,"column":21},"end":{"line":116,"column":1}},"line":114},"24":{"name":"minus5","decl":{"start":{"line":118,"column":9},"end":{"line":118,"column":15}},"loc":{"start":{"line":118,"column":23},"end":{"line":120,"column":1}},"line":118},"25":{"name":"multiply5","decl":{"start":{"line":122,"column":9},"end":{"line":122,"column":18}},"loc":{"start":{"line":122,"column":26},"end":{"line":124,"column":1}},"line":122},"26":{"name":"divide5","decl":{"start":{"line":126,"column":9},"end":{"line":126,"column":16}},"loc":{"start":{"line":126,"column":24},"end":{"line":128,"column":1}},"line":126}},"branchMap":{"0":{"loc":{"start":{"line":14,"column":8},"end":{"line":14,"column":56}},"type":"if","locations":[{"start":{"line":14,"column":8},"end":{"line":14,"column":56}},{"start":{},"end":{}}],"line":14}},"s":{"0":2,"1":2,"2":1,"3":1,"4":0,"5":0,"6":0,"7":0,"8":1,"9":1,"10":1,"11":0,"12":0,"13":1,"14":1,"15":1,"16":0,"17":0,"18":1,"19":1,"20":1,"21":1,"22":1,"23":1,"24":1,"25":1,"26":1,"27":1,"28":1,"29":1,"30":1,"31":1,"32":1,"33":1,"34":1,"35":1,"36":1,"37":1,"38":2},"f":{"0":1,"1":1,"2":0,"3":0,"4":0,"5":1,"6":1,"7":1,"8":1,"9":1,"10":1,"11":1,"12":1,"13":1,"14":1,"15":1,"16":1,"17":1,"18":1,"19":1,"20":1,"21":1,"22":1,"23":1,"24":1,"25":1,"26":1},"b":{"0":[0,0]},"_coverageSchema":"1a1c01bbd47fc00a2c39e90264f33305004495a9","hash":"ee1dece36917ec968f0be7701816c323ca5903c7"}
,"/home/koetz/projects/tpk2022-azure-back/database/db/dbconfig.js": {"path":"/home/koetz/projects/tpk2022-azure-back/database/db/dbconfig.js","statementMap":{"0":{"start":{"line":1,"column":22},"end":{"line":1,"column":42}},"1":{"start":{"line":9,"column":17},"end":{"line":13,"column":2}},"2":{"start":{"line":16,"column":2},"end":{"line":16,"column":43}},"3":{"start":{"line":17,"column":0},"end":{"line":22,"column":3}},"4":{"start":{"line":18,"column":4},"end":{"line":18,"column":34}},"5":{"start":{"line":19,"column":4},"end":{"line":19,"column":78}},"6":{"start":{"line":21,"column":4},"end":{"line":21,"column":95}},"7":{"start":{"line":25,"column":0},"end":{"line":25,"column":32}}},"fnMap":{"0":{"name":"check","decl":{"start":{"line":15,"column":15},"end":{"line":15,"column":20}},"loc":{"start":{"line":15,"column":22},"end":{"line":23,"column":1}},"line":15}},"branchMap":{},"s":{"0":3,"1":3,"2":1,"3":1,"4":1,"5":1,"6":0,"7":3},"f":{"0":1},"b":{},"_coverageSchema":"1a1c01bbd47fc00a2c39e90264f33305004495a9","hash":"015155ce33460c82a1639ebe2fe5111ce0440f52"}
,"/home/koetz/projects/tpk2022-azure-back/database/models/produto.js": {"path":"/home/koetz/projects/tpk2022-azure-back/database/models/produto.js","statementMap":{"0":{"start":{"line":1,"column":16},"end":{"line":1,"column":36}},"1":{"start":{"line":2,"column":17},"end":{"line":2,"column":45}},"2":{"start":{"line":5,"column":14},"end":{"line":40,"column":2}},"3":{"start":{"line":42,"column":0},"end":{"line":42,"column":23}}},"fnMap":{},"branchMap":{},"s":{"0":2,"1":2,"2":2,"3":2},"f":{},"b":{},"_coverageSchema":"1a1c01bbd47fc00a2c39e90264f33305004495a9","hash":"6312edfd1976cc39e05e77052d47f242f0fec046"}
}
