TN:
SF:app.js
FN:13,(anonymous_0)
FN:20,(anonymous_1)
FN:28,(anonymous_2)
FN:36,(anonymous_3)
FN:59,(anonymous_4)
FNF:5
FNH:5
FNDA:1,(anonymous_0)
FNDA:1,(anonymous_1)
FNDA:1,(anonymous_2)
FNDA:2,(anonymous_3)
FNDA:2,(anonymous_4)
DA:1,1
DA:2,1
DA:4,1
DA:7,1
DA:9,1
DA:10,1
DA:13,1
DA:14,1
DA:15,1
DA:16,1
DA:20,1
DA:21,1
DA:22,1
DA:23,1
DA:24,1
DA:28,1
DA:29,1
DA:30,1
DA:31,1
DA:32,1
DA:36,1
DA:37,2
DA:38,2
DA:46,2
DA:47,2
DA:48,1
DA:50,1
DA:53,1
DA:54,1
DA:59,1
DA:60,2
DA:62,2
DA:63,2
DA:71,2
DA:72,2
DA:73,1
DA:75,1
DA:78,1
DA:79,1
DA:83,1
LF:40
LH:40
BRDA:47,0,0,1
BRDA:47,0,1,1
BRDA:72,1,0,1
BRDA:72,1,1,1
BRF:4
BRH:4
end_of_record
TN:
SF:database/dao/produto-dao.js
FN:4,buscaTodosDados
FN:8,buscaDados
FN:12,removerRegistro
FN:13,(anonymous_3)
FN:15,(anonymous_4)
FN:18,gravarDados
FN:34,atualizarDados
FN:50,sum
FN:54,minus
FN:58,multiply
FN:62,divide
FN:66,sum2
FN:70,minus2
FN:74,multiply2
FN:78,divide2
FN:82,sum3
FN:86,minus3
FN:90,multiply3
FN:94,divide3
FN:98,sum4
FN:102,minus4
FN:106,multiply4
FN:110,divide4
FN:114,sum5
FN:118,minus5
FN:122,multiply5
FN:126,divide5
FNF:27
FNH:24
FNDA:1,buscaTodosDados
FNDA:1,buscaDados
FNDA:0,removerRegistro
FNDA:0,(anonymous_3)
FNDA:0,(anonymous_4)
FNDA:1,gravarDados
FNDA:1,atualizarDados
FNDA:1,sum
FNDA:1,minus
FNDA:1,multiply
FNDA:1,divide
FNDA:1,sum2
FNDA:1,minus2
FNDA:1,multiply2
FNDA:1,divide2
FNDA:1,sum3
FNDA:1,minus3
FNDA:1,multiply3
FNDA:1,divide3
FNDA:1,sum4
FNDA:1,minus4
FNDA:1,multiply4
FNDA:1,divide4
FNDA:1,sum5
FNDA:1,minus5
FNDA:1,multiply5
FNDA:1,divide5
DA:1,2
DA:2,2
DA:5,1
DA:9,1
DA:13,0
DA:14,0
DA:15,0
DA:19,1
DA:20,1
DA:27,1
DA:29,0
DA:30,0
DA:35,1
DA:36,1
DA:43,1
DA:45,0
DA:46,0
DA:51,1
DA:55,1
DA:59,1
DA:63,1
DA:67,1
DA:71,1
DA:75,1
DA:79,1
DA:83,1
DA:87,1
DA:91,1
DA:95,1
DA:99,1
DA:103,1
DA:107,1
DA:111,1
DA:115,1
DA:119,1
DA:123,1
DA:127,1
DA:130,2
LF:38
LH:31
BRDA:14,0,0,0
BRDA:14,0,1,0
BRF:2
BRH:0
end_of_record
TN:
SF:database/db/dbconfig.js
FN:15,check
FNF:1
FNH:1
FNDA:1,check
DA:1,3
DA:9,3
DA:16,1
DA:17,1
DA:18,1
DA:19,1
DA:21,0
DA:25,3
LF:8
LH:7
BRF:0
BRH:0
end_of_record
TN:
SF:database/models/produto.js
FNF:0
FNH:0
DA:1,2
DA:2,2
DA:5,2
DA:42,2
LF:4
LH:4
BRF:0
BRH:0
end_of_record
